<?xml version="1.0" encoding="UTF-8"?>
<!-- Generated by org.testng.reporters.JUnitReportReporter -->
<testsuite hostname="LAPTOP-5TRE3P3T" failures="0" tests="4" name="RahulshettyAcademyTest.SubmitOrderTest" time="75.556" errors="0" timestamp="2025-05-24T10:20:42 IST" skipped="0">
  <testcase classname="RahulshettyAcademyTest.SubmitOrderTest" name="varifyOrderDisplay" time="21.526"/>
  <testcase classname="RahulshettyAcademyTest.SubmitOrderTest" name="submitOrder" time="17.905"/>
  <testcase classname="RahulshettyAcademyTest.SubmitOrderTest" name="submitOrder" time="22.112"/>
  <testcase classname="RahulshettyAcademyTest.SubmitOrderTest" name="varifyOrderDisplay" time="14.013"/>
</testsuite> <!-- RahulshettyAcademyTest.SubmitOrderTest -->
