<?xml version="1.0" encoding="UTF-8"?>
<!-- Generated by org.testng.reporters.JUnitReportReporter -->
<testsuite hostname="LAPTOP-5TRE3P3T" failures="0" tests="2" name="cucumber.TestNgTestRunner" time="48.216" errors="0" timestamp="2025-05-24T10:25:17 IST" skipped="0">
  <testcase classname="cucumber.TestNgTestRunner" name="runScenario" time="28.191"/>
  <testcase classname="cucumber.TestNgTestRunner" name="runScenario" time="20.025"/>
</testsuite> <!-- cucumber.TestNgTestRunner -->
