<?xml version="1.0" encoding="UTF-8"?>
<!-- Generated by org.testng.reporters.JUnitReportReporter -->
<testsuite hostname="LAPTOP-5TRE3P3T" failures="0" tests="4" name="RahulshettyAcademyTest.SubmitOrderTest" time="45.510" errors="0" timestamp="2025-05-22T17:10:04 IST" skipped="0">
  <testcase classname="RahulshettyAcademyTest.SubmitOrderTest" name="submitOrder" time="15.921"/>
  <system-out/>
  <testcase classname="RahulshettyAcademyTest.SubmitOrderTest" name="varifyOrderDisplay" time="3.770"/>
  <system-out/>
  <testcase classname="RahulshettyAcademyTest.SubmitOrderTest" name="varifyOrderDisplay" time="10.289"/>
  <system-out/>
  <testcase classname="RahulshettyAcademyTest.SubmitOrderTest" name="submitOrder" time="15.530"/>
  <system-out/>
</testsuite> <!-- RahulshettyAcademyTest.SubmitOrderTest -->
