<?xml version="1.0" encoding="UTF-8"?>
<!-- Generated by org.testng.reporters.JUnitReportReporter -->
<testsuite hostname="LAPTOP-5TRE3P3T" failures="0" tests="1" name="NewTest" time="0.000" errors="0" timestamp="2025-05-22T17:10:04 IST" skipped="0">
  <testcase classname="NewTest" name="f" time="0.000"/>
  <system-out/>
</testsuite> <!-- NewTest -->
